<?xml version="1.0" encoding="UTF-8"?>
<!-- Generated by org.testng.reporters.JUnitReportReporter -->
<testsuite skipped="0" hostname="Vinayaka" name="com.amazon.tests.Test1" tests="1" failures="0" timestamp="2020-11-04T12:35:42 IST" time="192.954" errors="0">
  <testcase name="VerifyItemDataInCartView" time="192.954" classname="com.amazon.tests.Test1"/>
  <system-out/>
</testsuite> <!-- com.amazon.tests.Test1 -->
